<?xml version="1.0" encoding="UTF-8"?>
<testsuite name="com.sch.tests.tests.EventCreationTests" tests="1" skipped="0" failures="0" errors="0" timestamp="2020-11-03T18:41:49" hostname="DESKTOP-S1IE1UQ" time="96.05">
  <properties/>
  <testcase name="testEventCreationChangeDate" classname="com.sch.tests.tests.EventCreationTests" time="96.05"/>
  <system-out><![CDATA[]]></system-out>
  <system-err><![CDATA[]]></system-err>
</testsuite>
